<?xml version="1.0" encoding="UTF-8"?>
<testng-results ignored="0" total="2" passed="1" failed="1" skipped="0">
  <reporter-output>
    <line>
      <![CDATA[<br><a target="_blank" href="file:///T:\AutomationTesing\Eclipse\workspace\gradle-hybrid-framework\lib;ReportNGScreenShots;User_01_Register_02_09_2022_05_11_55.png"><img src="file:///T:\AutomationTesing\Eclipse\workspace\gradle-hybrid-framework\lib;ReportNGScreenShots;User_01_Register_02_09_2022_05_11_55.png" height='100' width='150'/> </a></br>]]>
    </line>
    <line>
      <![CDATA[[INFO ] [2022-09-02 17:11:58,634]  -------------------------- PASSED -------------------------- 
<br>]]>
    </line>
  </reporter-output>
  <suite started-at="2022-09-02T10:11:48Z" name="NopCommerce" finished-at="2022-09-02T10:11:58Z" duration-ms="10046">
    <groups>
    </groups>
    <test started-at="2022-09-02T10:11:48Z" name="Run On Chrome" finished-at="2022-09-02T10:11:58Z" duration-ms="10046">
      <class name="com.nopcommerce.practice.Level_09_Log_Extentv5">
        <test-method is-config="true" signature="initBeforeSuite()[pri:0, instance:com.nopcommerce.practice.Level_09_Log_Extentv5@769a1df5]" started-at="2022-09-02T10:11:48Z" name="initBeforeSuite" finished-at="2022-09-02T10:11:48Z" duration-ms="17" status="PASS">
          <reporter-output>
          </reporter-output>
        </test-method> <!-- initBeforeSuite -->
        <test-method is-config="true" signature="beforeClass(java.lang.String)[pri:0, instance:com.nopcommerce.practice.Level_09_Log_Extentv5@769a1df5]" started-at="2022-09-02T10:11:48Z" name="beforeClass" finished-at="2022-09-02T10:11:52Z" duration-ms="3246" status="PASS">
          <params>
            <param index="0">
              <value>
                <![CDATA[chrome]]>
              </value>
            </param>
          </params>
          <reporter-output>
          </reporter-output>
        </test-method> <!-- beforeClass -->
        <test-method signature="User_01_Register(java.lang.reflect.Method)[pri:0, instance:com.nopcommerce.practice.Level_09_Log_Extentv5@769a1df5]" started-at="2022-09-02T10:11:52Z" name="User_01_Register" finished-at="2022-09-02T10:11:55Z" duration-ms="3420" status="FAIL">
          <params>
            <param index="0">
              <value>
                <![CDATA[public void com.nopcommerce.practice.Level_09_Log_Extentv5.User_01_Register(java.lang.reflect.Method)]]>
              </value>
            </param>
          </params>
          <exception class="java.lang.AssertionError">
            <message>
              <![CDATA[expected [Your registration complete] but found [Your registration completed]]]>
            </message>
            <full-stacktrace>
              <![CDATA[java.lang.AssertionError: expected [Your registration complete] but found [Your registration completed]
at org.testng.Assert.fail(Assert.java:96)
at org.testng.Assert.failNotEquals(Assert.java:776)
at org.testng.Assert.assertEqualsImpl(Assert.java:137)
at org.testng.Assert.assertEquals(Assert.java:118)
at org.testng.Assert.assertEquals(Assert.java:453)
at org.testng.Assert.assertEquals(Assert.java:463)
at com.nopcommerce.practice.Level_09_Log_Extentv5.User_01_Register(Level_09_Log_Extentv5.java:70)
at java.base/jdk.internal.reflect.NativeMethodAccessorImpl.invoke0(Native Method)
at java.base/jdk.internal.reflect.NativeMethodAccessorImpl.invoke(NativeMethodAccessorImpl.java:77)
at java.base/jdk.internal.reflect.DelegatingMethodAccessorImpl.invoke(DelegatingMethodAccessorImpl.java:43)
at java.base/java.lang.reflect.Method.invoke(Method.java:568)
at org.testng.internal.MethodInvocationHelper.invokeMethod(MethodInvocationHelper.java:124)
at org.testng.internal.Invoker.invokeMethod(Invoker.java:583)
at org.testng.internal.Invoker.invokeTestMethod(Invoker.java:719)
at org.testng.internal.Invoker.invokeTestMethods(Invoker.java:989)
at org.testng.internal.TestMethodWorker.invokeTestMethods(TestMethodWorker.java:125)
at org.testng.internal.TestMethodWorker.run(TestMethodWorker.java:109)
at org.testng.TestRunner.privateRun(TestRunner.java:648)
at org.testng.TestRunner.run(TestRunner.java:505)
at org.testng.SuiteRunner.runTest(SuiteRunner.java:455)
at org.testng.SuiteRunner.runSequentially(SuiteRunner.java:450)
at org.testng.SuiteRunner.privateRun(SuiteRunner.java:415)
at org.testng.SuiteRunner.run(SuiteRunner.java:364)
at org.testng.SuiteRunnerWorker.runSuite(SuiteRunnerWorker.java:52)
at org.testng.SuiteRunnerWorker.run(SuiteRunnerWorker.java:84)
at org.testng.TestNG.runSuitesSequentially(TestNG.java:1208)
at org.testng.TestNG.runSuitesLocally(TestNG.java:1137)
at org.testng.TestNG.runSuites(TestNG.java:1049)
at org.testng.TestNG.run(TestNG.java:1017)
at org.testng.remote.AbstractRemoteTestNG.run(AbstractRemoteTestNG.java:115)
at org.testng.remote.RemoteTestNG.initAndRun(RemoteTestNG.java:251)
at org.testng.remote.RemoteTestNG.main(RemoteTestNG.java:77)
]]>
            </full-stacktrace>
          </exception> <!-- java.lang.AssertionError -->
          <reporter-output>
            <line>
              <![CDATA[<br><a target="_blank" href="file:///T:\AutomationTesing\Eclipse\workspace\gradle-hybrid-framework\lib;ReportNGScreenShots;User_01_Register_02_09_2022_05_11_55.png"><img src="file:///T:\AutomationTesing\Eclipse\workspace\gradle-hybrid-framework\lib;ReportNGScreenShots;User_01_Register_02_09_2022_05_11_55.png" height='100' width='150'/> </a></br>]]>
            </line>
          </reporter-output>
        </test-method> <!-- User_01_Register -->
        <test-method signature="User_02_Login_Success(java.lang.reflect.Method)[pri:0, instance:com.nopcommerce.practice.Level_09_Log_Extentv5@769a1df5]" started-at="2022-09-02T10:11:55Z" name="User_02_Login_Success" finished-at="2022-09-02T10:11:58Z" duration-ms="2674" status="PASS">
          <params>
            <param index="0">
              <value>
                <![CDATA[public void com.nopcommerce.practice.Level_09_Log_Extentv5.User_02_Login_Success(java.lang.reflect.Method)]]>
              </value>
            </param>
          </params>
          <reporter-output>
            <line>
              <![CDATA[[INFO ] [2022-09-02 17:11:58,634]  -------------------------- PASSED -------------------------- 
<br>]]>
            </line>
          </reporter-output>
        </test-method> <!-- User_02_Login_Success -->
        <test-method is-config="true" signature="afterClass()[pri:0, instance:com.nopcommerce.practice.Level_09_Log_Extentv5@769a1df5]" started-at="2022-09-02T10:11:58Z" name="afterClass" finished-at="2022-09-02T10:11:58Z" duration-ms="175" status="PASS">
          <reporter-output>
          </reporter-output>
        </test-method> <!-- afterClass -->
      </class> <!-- com.nopcommerce.practice.Level_09_Log_Extentv5 -->
    </test> <!-- Run On Chrome -->
  </suite> <!-- NopCommerce -->
</testng-results>
